c:\users\xu\source\设计模式\建造者模式\x64\debug\vc142.pdb
c:\users\xu\source\设计模式\建造者模式\x64\debug\vc142.idb
c:\users\xu\source\设计模式\建造者模式\x64\debug\wrapper.obj
c:\users\xu\source\设计模式\建造者模式\x64\debug\vegburger.obj
c:\users\xu\source\设计模式\建造者模式\x64\debug\pepsi.obj
c:\users\xu\source\设计模式\建造者模式\x64\debug\meal.obj
c:\users\xu\source\设计模式\建造者模式\x64\debug\main.obj
c:\users\xu\source\设计模式\建造者模式\x64\debug\colddrink.obj
c:\users\xu\source\设计模式\建造者模式\x64\debug\coke.obj
c:\users\xu\source\设计模式\建造者模式\x64\debug\chickenburger.obj
c:\users\xu\source\设计模式\建造者模式\x64\debug\burger.obj
c:\users\xu\source\设计模式\建造者模式\x64\debug\bottle.obj
c:\users\xu\source\设计模式\x64\debug\建造者模式.exe
c:\users\xu\source\设计模式\建造者模式\x64\debug\建造者模式.ilk
c:\users\xu\source\设计模式\x64\debug\建造者模式.pdb
c:\users\admin\source\repos\o\建造者模式\x64\debug\bottle.obj
c:\users\admin\source\repos\o\建造者模式\x64\debug\burger.obj
c:\users\admin\source\repos\o\建造者模式\x64\debug\chickenburger.obj
c:\users\admin\source\repos\o\建造者模式\x64\debug\coke.obj
c:\users\admin\source\repos\o\建造者模式\x64\debug\colddrink.obj
c:\users\admin\source\repos\o\建造者模式\x64\debug\main.obj
c:\users\admin\source\repos\o\建造者模式\x64\debug\meal.obj
c:\users\admin\source\repos\o\建造者模式\x64\debug\pepsi.obj
c:\users\admin\source\repos\o\建造者模式\x64\debug\vegburger.obj
c:\users\admin\source\repos\o\建造者模式\x64\debug\wrapper.obj
c:\users\admin\source\repos\o\建造者模式\x64\debug\建造者模式.ilk
c:\users\admin\source\repos\o\建造者模式\x64\debug\vc142.idb
c:\users\admin\source\repos\o\建造者模式\x64\debug\vc142.pdb
c:\users\admin\source\repos\o\x64\debug\建造者模式.pdb
c:\users\admin\source\repos\o\x64\debug\建造者模式.exe
c:\users\admin\source\repos\o\建造者模式\x64\debug\建造者模式.tlog\cl.command.1.tlog
c:\users\admin\source\repos\o\建造者模式\x64\debug\建造者模式.tlog\cl.read.1.tlog
c:\users\admin\source\repos\o\建造者模式\x64\debug\建造者模式.tlog\cl.write.1.tlog
c:\users\admin\source\repos\o\建造者模式\x64\debug\建造者模式.tlog\link.command.1.tlog
c:\users\admin\source\repos\o\建造者模式\x64\debug\建造者模式.tlog\link.read.1.tlog
c:\users\admin\source\repos\o\建造者模式\x64\debug\建造者模式.tlog\link.write.1.tlog
