c:\users\xu\source\设计模式\工厂模式-抽象工厂图形\debug\vc142.pdb
c:\users\xu\source\设计模式\工厂模式-抽象工厂图形\debug\vc142.idb
c:\users\xu\source\设计模式\工厂模式-抽象工厂图形\debug\shapefactory.obj
c:\users\xu\source\设计模式\工厂模式-抽象工厂图形\debug\read.obj
c:\users\xu\source\设计模式\工厂模式-抽象工厂图形\debug\main.obj
c:\users\xu\source\设计模式\工厂模式-抽象工厂图形\debug\green.obj
c:\users\xu\source\设计模式\工厂模式-抽象工厂图形\debug\colorfactory.obj
c:\users\xu\source\设计模式\工厂模式-抽象工厂图形\debug\triangle.obj
c:\users\xu\source\设计模式\工厂模式-抽象工厂图形\debug\rectangle.obj
c:\users\xu\source\设计模式\工厂模式-抽象工厂图形\debug\circle.obj
c:\users\xu\source\设计模式\debug\工厂模式-抽象工厂图形.pdb
c:\users\xu\source\设计模式\工厂模式-抽象工厂图形\debug\工厂模式-抽象工厂图形.tlog\cl.command.1.tlog
c:\users\xu\source\设计模式\工厂模式-抽象工厂图形\debug\工厂模式-抽象工厂图形.tlog\cl.read.1.tlog
c:\users\xu\source\设计模式\工厂模式-抽象工厂图形\debug\工厂模式-抽象工厂图形.tlog\cl.write.1.tlog
c:\users\xu\source\设计模式\工厂模式-抽象工厂图形\debug\工厂模式-抽象工厂图形.tlog\link-cvtres.read.1.tlog
c:\users\xu\source\设计模式\工厂模式-抽象工厂图形\debug\工厂模式-抽象工厂图形.tlog\link-cvtres.write.1.tlog
c:\users\xu\source\设计模式\工厂模式-抽象工厂图形\debug\工厂模式-抽象工厂图形.tlog\link-rc.read.1.tlog
c:\users\xu\source\设计模式\工厂模式-抽象工厂图形\debug\工厂模式-抽象工厂图形.tlog\link-rc.write.1.tlog
c:\users\xu\source\设计模式\工厂模式-抽象工厂图形\debug\工厂模式-抽象工厂图形.tlog\link.command.1.tlog
c:\users\xu\source\设计模式\工厂模式-抽象工厂图形\debug\工厂模式-抽象工厂图形.tlog\link.read.1.tlog
c:\users\xu\source\设计模式\工厂模式-抽象工厂图形\debug\工厂模式-抽象工厂图形.tlog\link.write.1.tlog
