c:\users\xu\source\设计模式\观察者模式\x64\debug\vc142.pdb
c:\users\xu\source\设计模式\观察者模式\x64\debug\vc142.idb
c:\users\xu\source\设计模式\观察者模式\x64\debug\teacherobserver.obj
c:\users\xu\source\设计模式\观察者模式\x64\debug\studentobserver.obj
c:\users\xu\source\设计模式\观察者模式\x64\debug\bell.obj
c:\users\xu\source\设计模式\观察者模式\x64\debug\main.obj
c:\users\xu\source\设计模式\x64\debug\观察者模式.exe
c:\users\xu\source\设计模式\观察者模式\x64\debug\观察者模式.ilk
c:\users\xu\source\设计模式\x64\debug\观察者模式.pdb
c:\users\admin\source\repos\o\观察者模式\x64\debug\bell.obj
c:\users\admin\source\repos\o\观察者模式\x64\debug\main.obj
c:\users\admin\source\repos\o\观察者模式\x64\debug\studentobserver.obj
c:\users\admin\source\repos\o\观察者模式\x64\debug\teacherobserver.obj
c:\users\admin\source\repos\o\观察者模式\x64\debug\观察者模式.ilk
c:\users\admin\source\repos\o\观察者模式\x64\debug\vc142.idb
c:\users\admin\source\repos\o\观察者模式\x64\debug\vc142.pdb
c:\users\admin\source\repos\o\x64\debug\观察者模式.pdb
c:\users\admin\source\repos\o\x64\debug\观察者模式.exe
c:\users\admin\source\repos\o\观察者模式\x64\debug\观察者模式.tlog\cl.command.1.tlog
c:\users\admin\source\repos\o\观察者模式\x64\debug\观察者模式.tlog\cl.read.1.tlog
c:\users\admin\source\repos\o\观察者模式\x64\debug\观察者模式.tlog\cl.write.1.tlog
c:\users\admin\source\repos\o\观察者模式\x64\debug\观察者模式.tlog\link.command.1.tlog
c:\users\admin\source\repos\o\观察者模式\x64\debug\观察者模式.tlog\link.read.1.tlog
c:\users\admin\source\repos\o\观察者模式\x64\debug\观察者模式.tlog\link.write.1.tlog
