c:\users\xu\source\设计模式\中介模式-聊天室\x64\debug\vc142.pdb
c:\users\xu\source\设计模式\中介模式-聊天室\x64\debug\vc142.idb
c:\users\xu\source\设计模式\中介模式-聊天室\x64\debug\user.obj
c:\users\xu\source\设计模式\中介模式-聊天室\x64\debug\main.obj
c:\users\xu\source\设计模式\中介模式-聊天室\x64\debug\chatroom.obj
c:\users\admin\source\repos\o\中介模式-聊天室\x64\debug\vc142.pdb
c:\users\admin\source\repos\o\中介模式-聊天室\x64\debug\vc142.idb
c:\users\admin\source\repos\o\中介模式-聊天室\x64\debug\user.obj
c:\users\admin\source\repos\o\中介模式-聊天室\x64\debug\main.obj
c:\users\admin\source\repos\o\中介模式-聊天室\x64\debug\chatroom.obj
c:\users\xu\source\设计模式\x64\debug\中介模式-聊天室.exe
c:\users\xu\source\设计模式\中介模式-聊天室\x64\debug\中介模式-聊天室.ilk
c:\users\xu\source\设计模式\x64\debug\中介模式-聊天室.pdb
c:\users\admin\source\repos\o\中介模式-聊天室\x64\debug\中介模式-聊天室.ilk
c:\users\admin\source\repos\o\x64\debug\中介模式-聊天室.exe
c:\users\admin\source\repos\o\x64\debug\中介模式-聊天室.pdb
c:\users\admin\source\repos\o\中介模式-聊天室\x64\debug\中介模式-聊天室.tlog\cl.command.1.tlog
c:\users\admin\source\repos\o\中介模式-聊天室\x64\debug\中介模式-聊天室.tlog\cl.read.1.tlog
c:\users\admin\source\repos\o\中介模式-聊天室\x64\debug\中介模式-聊天室.tlog\cl.write.1.tlog
c:\users\admin\source\repos\o\中介模式-聊天室\x64\debug\中介模式-聊天室.tlog\link.command.1.tlog
c:\users\admin\source\repos\o\中介模式-聊天室\x64\debug\中介模式-聊天室.tlog\link.read.1.tlog
c:\users\admin\source\repos\o\中介模式-聊天室\x64\debug\中介模式-聊天室.tlog\link.write.1.tlog
